<?xml version="1.0" encoding="UTF-8"?>
<testng-results skipped="0" failed="0" ignored="0" total="1" passed="1">
  <reporter-output>
  </reporter-output>
  <suite name="Surefire suite" duration-ms="29" started-at="2020-07-25T21:47:02 CDT" finished-at="2020-07-25T21:47:02 CDT">
    <groups>
    </groups>
    <test name="Surefire test" duration-ms="29" started-at="2020-07-25T21:47:02 CDT" finished-at="2020-07-25T21:47:02 CDT">
      <class name="FlipKart.FlipKart.AppTest">
        <test-method status="PASS" signature="testApp()[pri:0, instance:testApp(FlipKart.FlipKart.AppTest)]" name="testApp" duration-ms="5" started-at="2020-07-25T21:47:02 CDT" finished-at="2020-07-25T21:47:02 CDT">
          <reporter-output>
          </reporter-output>
        </test-method> <!-- testApp -->
      </class> <!-- FlipKart.FlipKart.AppTest -->
    </test> <!-- Surefire test -->
  </suite> <!-- Surefire suite -->
</testng-results>
